Arguments: 
  C:\Program Files\nodejs\node.exe C:\Program Files (x86)\Yarn\bin\yarn.js add dzqbduyzdaydzvzted

PATH: 
  C:\Program Files\Git\mingw64\bin;C:\Program Files\Git\usr\bin;C:\Users\maela\bin;C:\Program Files\Git\mingw64\bin;C:\Program Files\Git\usr\bin;C:\Users\maela\bin;C:\program files\graphicsmagick-1.3.35-q16;C:\ProgramData\Oracle\Java\javapath;C:\Program Files (x86)\Common Files\Oracle\Java\javapath;C:\Python27;C:\Python27\Scripts;C:\Windows\system32;C:\Windows;C:\Windows\System32\Wbem;C:\Windows\System32\WindowsPowerShell\v1.0;C:\Windows\System32\OpenSSH;C:\Program Files\nodejs;C:\ProgramData\chocolatey\bin;C:\Program Files (x86)\Yarn\bin;C:\Program Files\RedHat\java-11-openjdk-11.0.7-1\bin;C:\Program Files\RedHat\java-1.8.0-openjdk-1.8.0.252-2\bin;C:\Program Files\RedHat\java-1.8.0-openjdk-1.8.0.252-2\jre\bin;C:\Android;C:\Windows\System32;C:\Program Files\dotnet;C:\Program Files\Git\cmd;C:\Users\maela\AppData\Local\Microsoft\WindowsApps;C:\Users\maela\AppData\Roaming\npm;C:\Users\maela\AppData\Local\hyper\app-3.0.2\resources\bin;C:\Users\maela\AppData\Local\Yarn\bin;C:\Users\maela\AppData\Local\Programs\Microsoft VS Code\bin;C:\Program Files\Git\usr\bin;C:\ProgramData\Microsoft\Windows\Start Menu\Programs\AutoHotkey;P:\apache-maven-3.6.3\bin;C:\Program Files\RedHat\java-11-openjdk-11.0.7-1\bin;C:\Users\maela\.deno\bin;C:\Program Files\AutoHotkey;C:\Program Files\GraphicsMagick-1.3.35-Q16

Yarn version: 
  1.22.4

Node version: 
  12.16.1

Platform: 
  win32 x64

Trace: 
  Error: https://registry.yarnpkg.com/dzqbduyzdaydzvzted: Not found
      at Request.params.callback [as _callback] (C:\Program Files (x86)\Yarn\lib\cli.js:66096:18)
      at Request.self.callback (C:\Program Files (x86)\Yarn\lib\cli.js:140748:22)
      at Request.emit (events.js:311:20)
      at Request.<anonymous> (C:\Program Files (x86)\Yarn\lib\cli.js:141720:10)
      at Request.emit (events.js:311:20)
      at IncomingMessage.<anonymous> (C:\Program Files (x86)\Yarn\lib\cli.js:141642:12)
      at Object.onceWrapper (events.js:417:28)
      at IncomingMessage.emit (events.js:323:22)
      at endReadableNT (_stream_readable.js:1204:12)
      at processTicksAndRejections (internal/process/task_queues.js:84:21)

npm manifest: 
  No manifest

yarn manifest: 
  No manifest

Lockfile: 
  No lockfile
